<?xml version="1.0" encoding="UTF-8"?>
<testng-results ignored="0" total="10" passed="10" failed="0" skipped="0">
  <reporter-output>
  </reporter-output>
  <suite started-at="2024-10-15T22:24:59 IST" name="Suite" finished-at="2024-10-15T22:26:29 IST" duration-ms="89742">
    <groups>
      <group name="Smoke">
        <method signature="SubscriptionTest.verifyUserIsAbleToSubscribeWithValidEmail()[pri:0, instance:com.demoshop.test.SubscriptionTest@15a34df2]" name="verifyUserIsAbleToSubscribeWithValidEmail" class="com.demoshop.test.SubscriptionTest"/>
        <method signature="E2ECheckoutTest.verifyNewUserRegistersAndCheckoutProduct()[pri:0, instance:com.demoshop.test.E2ECheckoutTest@68c9d179]" name="verifyNewUserRegistersAndCheckoutProduct" class="com.demoshop.test.E2ECheckoutTest"/>
      </group> <!-- Smoke -->
    </groups>
    <test started-at="2024-10-15T22:24:59 IST" name="DataProviderRegisteration" finished-at="2024-10-15T22:25:34 IST" duration-ms="34472">
      <class name="com.demoshop.test.RegisterationDP">
        <test-method is-config="true" signature="initDriver(java.lang.String)[pri:0, instance:com.demoshop.test.RegisterationDP@5965d37]" started-at="2024-10-15T22:25:00 IST" name="initDriver" finished-at="2024-10-15T22:25:12 IST" duration-ms="11414" status="PASS">
          <params>
            <param index="0">
              <value is-null="true"/>
            </param>
          </params>
          <reporter-output>
          </reporter-output>
        </test-method> <!-- initDriver -->
        <test-method signature="verifyUserIsAbleToMultipleRegisterUsingCorrectCreds(java.lang.String,java.lang.String,java.lang.String,java.lang.String)[pri:0, instance:com.demoshop.test.RegisterationDP@5965d37]" started-at="2024-10-15T22:25:12 IST" name="verifyUserIsAbleToMultipleRegisterUsingCorrectCreds" data-provider="getData" finished-at="2024-10-15T22:25:23 IST" duration-ms="11323" status="PASS">
          <params>
            <param index="0">
              <value>
                <![CDATA[Maryann]]>
              </value>
            </param>
            <param index="1">
              <value>
                <![CDATA[Waters]]>
              </value>
            </param>
            <param index="2">
              <value>
                <![CDATA[vennie.rosenbaum@gmail.com]]>
              </value>
            </param>
            <param index="3">
              <value>
                <![CDATA[rm2now6if7ec3ts]]>
              </value>
            </param>
          </params>
          <reporter-output>
          </reporter-output>
        </test-method> <!-- verifyUserIsAbleToMultipleRegisterUsingCorrectCreds -->
        <test-method is-config="true" signature="tearDown()[pri:0, instance:com.demoshop.test.RegisterationDP@5965d37]" started-at="2024-10-15T22:25:23 IST" name="tearDown" finished-at="2024-10-15T22:25:34 IST" duration-ms="10902" status="PASS">
          <reporter-output>
          </reporter-output>
        </test-method> <!-- tearDown -->
      </class> <!-- com.demoshop.test.RegisterationDP -->
    </test> <!-- DataProviderRegisteration -->
    <test started-at="2024-10-15T22:24:59 IST" name="Registeration Test" finished-at="2024-10-15T22:25:42 IST" duration-ms="42353">
      <class name="com.demoshop.test.RegisterationTest">
        <test-method is-config="true" signature="initDriver(java.lang.String)[pri:0, instance:com.demoshop.test.RegisterationTest@6cb107fd]" started-at="2024-10-15T22:25:00 IST" name="initDriver" finished-at="2024-10-15T22:25:18 IST" duration-ms="18415" status="PASS">
          <params>
            <param index="0">
              <value is-null="true"/>
            </param>
          </params>
          <reporter-output>
          </reporter-output>
        </test-method> <!-- initDriver -->
        <test-method signature="verifyUserIsAbleToRegisterUsingCorrectCredsFromExcel()[pri:0, instance:com.demoshop.test.RegisterationTest@6cb107fd]" started-at="2024-10-15T22:25:18 IST" name="verifyUserIsAbleToRegisterUsingCorrectCredsFromExcel" finished-at="2024-10-15T22:25:31 IST" duration-ms="12821" status="PASS">
          <reporter-output>
          </reporter-output>
        </test-method> <!-- verifyUserIsAbleToRegisterUsingCorrectCredsFromExcel -->
        <test-method is-config="true" signature="tearDown()[pri:0, instance:com.demoshop.test.RegisterationTest@6cb107fd]" started-at="2024-10-15T22:25:31 IST" name="tearDown" finished-at="2024-10-15T22:25:42 IST" duration-ms="11075" status="PASS">
          <reporter-output>
          </reporter-output>
        </test-method> <!-- tearDown -->
      </class> <!-- com.demoshop.test.RegisterationTest -->
    </test> <!-- Registeration Test -->
    <test started-at="2024-10-15T22:24:59 IST" name="Rg DP2" finished-at="2024-10-15T22:25:42 IST" duration-ms="42739">
      <class name="com.demoshop.test.RegisterationDP2">
        <test-method is-config="true" signature="initDriver(java.lang.String)[pri:0, instance:com.demoshop.test.RegisterationDP2@239a307b]" started-at="2024-10-15T22:25:00 IST" name="initDriver" finished-at="2024-10-15T22:25:14 IST" duration-ms="14128" status="PASS">
          <params>
            <param index="0">
              <value is-null="true"/>
            </param>
          </params>
          <reporter-output>
          </reporter-output>
        </test-method> <!-- initDriver -->
        <test-method signature="verifyUserIsAbleToMultipleRegisterUsingCorrectCreds(java.util.List)[pri:0, instance:com.demoshop.test.RegisterationDP2@239a307b]" started-at="2024-10-15T22:25:14 IST" name="verifyUserIsAbleToMultipleRegisterUsingCorrectCreds" data-provider="getData" finished-at="2024-10-15T22:25:40 IST" duration-ms="25954" status="PASS">
          <params>
            <param index="0">
              <value>
                <![CDATA[[Person [fName=Juan, lName=Kuhn, email=derrick.bahringer@yahoo.com, password=b80eoz4zkuo8bto, confirmPassword=b80eoz4zkuo8bto], Person [fName=Lupita, lName=Franecki, email=jasper.wilderman@hotmail.com, password=b80eoz4zkuo8bto, confirmPassword=b80eoz4zkuo8bto]]]]>
              </value>
            </param>
          </params>
          <reporter-output>
          </reporter-output>
        </test-method> <!-- verifyUserIsAbleToMultipleRegisterUsingCorrectCreds -->
        <test-method is-config="true" signature="tearDown()[pri:0, instance:com.demoshop.test.RegisterationDP2@239a307b]" started-at="2024-10-15T22:25:40 IST" name="tearDown" finished-at="2024-10-15T22:25:42 IST" duration-ms="1892" status="PASS">
          <reporter-output>
          </reporter-output>
        </test-method> <!-- tearDown -->
      </class> <!-- com.demoshop.test.RegisterationDP2 -->
    </test> <!-- Rg DP2 -->
    <test started-at="2024-10-15T22:24:59 IST" name="Search Test" finished-at="2024-10-15T22:25:45 IST" duration-ms="46017">
      <class name="com.demoshop.test.SearchTest">
        <test-method is-config="true" signature="initDriver(java.lang.String)[pri:0, instance:com.demoshop.test.SearchTest@3ba987b8]" started-at="2024-10-15T22:25:00 IST" name="initDriver" finished-at="2024-10-15T22:25:21 IST" duration-ms="21979" status="PASS">
          <params>
            <param index="0">
              <value is-null="true"/>
            </param>
          </params>
          <reporter-output>
          </reporter-output>
        </test-method> <!-- initDriver -->
        <test-method signature="verifyUserIsAbletoSearchDesiredProducts()[pri:0, instance:com.demoshop.test.SearchTest@3ba987b8]" started-at="2024-10-15T22:25:21 IST" name="verifyUserIsAbletoSearchDesiredProducts" finished-at="2024-10-15T22:25:31 IST" duration-ms="9131" status="PASS">
          <reporter-output>
          </reporter-output>
        </test-method> <!-- verifyUserIsAbletoSearchDesiredProducts -->
        <test-method is-config="true" signature="tearDown()[pri:0, instance:com.demoshop.test.SearchTest@3ba987b8]" started-at="2024-10-15T22:25:31 IST" name="tearDown" finished-at="2024-10-15T22:25:45 IST" duration-ms="14830" status="PASS">
          <reporter-output>
          </reporter-output>
        </test-method> <!-- tearDown -->
      </class> <!-- com.demoshop.test.SearchTest -->
    </test> <!-- Search Test -->
    <test started-at="2024-10-15T22:24:59 IST" name="Excel Registeration" finished-at="2024-10-15T22:25:46 IST" duration-ms="46167">
      <class name="com.demoshop.test.ExcelRegisterationTest">
        <test-method is-config="true" signature="initDriver(java.lang.String)[pri:0, instance:com.demoshop.test.ExcelRegisterationTest@eadd4fb]" started-at="2024-10-15T22:25:00 IST" name="initDriver" finished-at="2024-10-15T22:25:15 IST" duration-ms="15934" status="PASS">
          <params>
            <param index="0">
              <value is-null="true"/>
            </param>
          </params>
          <reporter-output>
          </reporter-output>
        </test-method> <!-- initDriver -->
        <test-method signature="verifyUserIsAbleToRegisterUsingCorrectCreds()[pri:0, instance:com.demoshop.test.ExcelRegisterationTest@eadd4fb]" started-at="2024-10-15T22:25:15 IST" name="verifyUserIsAbleToRegisterUsingCorrectCreds" finished-at="2024-10-15T22:25:32 IST" duration-ms="16645" status="PASS">
          <reporter-output>
          </reporter-output>
        </test-method> <!-- verifyUserIsAbleToRegisterUsingCorrectCreds -->
        <test-method is-config="true" signature="tearDown()[pri:0, instance:com.demoshop.test.ExcelRegisterationTest@eadd4fb]" started-at="2024-10-15T22:25:32 IST" name="tearDown" finished-at="2024-10-15T22:25:46 IST" duration-ms="13546" status="PASS">
          <reporter-output>
          </reporter-output>
        </test-method> <!-- tearDown -->
      </class> <!-- com.demoshop.test.ExcelRegisterationTest -->
    </test> <!-- Excel Registeration -->
    <test started-at="2024-10-15T22:25:45 IST" name="Cart Test" finished-at="2024-10-15T22:26:17 IST" duration-ms="31780">
      <class name="com.demoshop.test.CartTest">
        <test-method is-config="true" signature="initDriver(java.lang.String)[pri:0, instance:com.demoshop.test.CartTest@14fc5f04]" started-at="2024-10-15T22:25:45 IST" name="initDriver" finished-at="2024-10-15T22:26:01 IST" duration-ms="15766" status="PASS">
          <params>
            <param index="0">
              <value is-null="true"/>
            </param>
          </params>
          <reporter-output>
          </reporter-output>
        </test-method> <!-- initDriver -->
        <test-method signature="verifyUserisAbleToAddCart()[pri:0, instance:com.demoshop.test.CartTest@14fc5f04]" started-at="2024-10-15T22:26:01 IST" name="verifyUserisAbleToAddCart" finished-at="2024-10-15T22:26:10 IST" duration-ms="8798" status="PASS">
          <reporter-output>
          </reporter-output>
        </test-method> <!-- verifyUserisAbleToAddCart -->
        <test-method is-config="true" signature="tearDown()[pri:0, instance:com.demoshop.test.CartTest@14fc5f04]" started-at="2024-10-15T22:26:10 IST" name="tearDown" finished-at="2024-10-15T22:26:17 IST" duration-ms="7206" status="PASS">
          <reporter-output>
          </reporter-output>
        </test-method> <!-- tearDown -->
      </class> <!-- com.demoshop.test.CartTest -->
    </test> <!-- Cart Test -->
    <test started-at="2024-10-15T22:25:46 IST" name="Remove Product Test" finished-at="2024-10-15T22:26:18 IST" duration-ms="32677">
      <class name="com.demoshop.test.RemoveProductTest">
        <test-method is-config="true" signature="initDriver(java.lang.String)[pri:0, instance:com.demoshop.test.RemoveProductTest@333d4a8c]" started-at="2024-10-15T22:25:46 IST" name="initDriver" finished-at="2024-10-15T22:26:01 IST" duration-ms="15803" status="PASS">
          <params>
            <param index="0">
              <value is-null="true"/>
            </param>
          </params>
          <reporter-output>
          </reporter-output>
        </test-method> <!-- initDriver -->
        <test-method signature="verifyProductIsRemovedFromCart()[pri:0, instance:com.demoshop.test.RemoveProductTest@333d4a8c]" started-at="2024-10-15T22:26:01 IST" name="verifyProductIsRemovedFromCart" finished-at="2024-10-15T22:26:16 IST" duration-ms="14598" status="PASS">
          <reporter-output>
          </reporter-output>
        </test-method> <!-- verifyProductIsRemovedFromCart -->
        <test-method is-config="true" signature="tearDown()[pri:0, instance:com.demoshop.test.RemoveProductTest@333d4a8c]" started-at="2024-10-15T22:26:16 IST" name="tearDown" finished-at="2024-10-15T22:26:18 IST" duration-ms="2274" status="PASS">
          <reporter-output>
          </reporter-output>
        </test-method> <!-- tearDown -->
      </class> <!-- com.demoshop.test.RemoveProductTest -->
    </test> <!-- Remove Product Test -->
    <test started-at="2024-10-15T22:25:35 IST" name="Login Test" finished-at="2024-10-15T22:26:20 IST" duration-ms="44562">
      <class name="com.demoshop.test.LoginTest">
        <test-method is-config="true" signature="initDriver(java.lang.String)[pri:0, instance:com.demoshop.test.LoginTest@5745ca0e]" started-at="2024-10-15T22:25:35 IST" name="initDriver" finished-at="2024-10-15T22:25:45 IST" duration-ms="9228" status="PASS">
          <params>
            <param index="0">
              <value is-null="true"/>
            </param>
          </params>
          <reporter-output>
          </reporter-output>
        </test-method> <!-- initDriver -->
        <test-method signature="verifyUserIsAbleToLoginWithValidCreds()[pri:0, instance:com.demoshop.test.LoginTest@5745ca0e]" started-at="2024-10-15T22:25:45 IST" name="verifyUserIsAbleToLoginWithValidCreds" finished-at="2024-10-15T22:26:09 IST" duration-ms="24578" status="PASS">
          <reporter-output>
          </reporter-output>
        </test-method> <!-- verifyUserIsAbleToLoginWithValidCreds -->
        <test-method is-config="true" signature="tearDown()[pri:0, instance:com.demoshop.test.LoginTest@5745ca0e]" started-at="2024-10-15T22:26:09 IST" name="tearDown" finished-at="2024-10-15T22:26:20 IST" duration-ms="10752" status="PASS">
          <reporter-output>
          </reporter-output>
        </test-method> <!-- tearDown -->
      </class> <!-- com.demoshop.test.LoginTest -->
    </test> <!-- Login Test -->
    <test started-at="2024-10-15T22:25:42 IST" name="Subscription Test" finished-at="2024-10-15T22:26:21 IST" duration-ms="39600">
      <class name="com.demoshop.test.SubscriptionTest">
        <test-method is-config="true" signature="initDriver(java.lang.String)[pri:0, instance:com.demoshop.test.SubscriptionTest@15a34df2]" started-at="2024-10-15T22:25:42 IST" name="initDriver" finished-at="2024-10-15T22:25:50 IST" duration-ms="7699" status="PASS">
          <params>
            <param index="0">
              <value is-null="true"/>
            </param>
          </params>
          <reporter-output>
          </reporter-output>
        </test-method> <!-- initDriver -->
        <test-method signature="verifyUserIsAbleToSubscribeWithValidEmail()[pri:0, instance:com.demoshop.test.SubscriptionTest@15a34df2]" started-at="2024-10-15T22:25:50 IST" name="verifyUserIsAbleToSubscribeWithValidEmail" finished-at="2024-10-15T22:26:03 IST" duration-ms="13472" status="PASS">
          <reporter-output>
          </reporter-output>
        </test-method> <!-- verifyUserIsAbleToSubscribeWithValidEmail -->
        <test-method is-config="true" signature="tearDown()[pri:0, instance:com.demoshop.test.SubscriptionTest@15a34df2]" started-at="2024-10-15T22:26:03 IST" name="tearDown" finished-at="2024-10-15T22:26:21 IST" duration-ms="18422" status="PASS">
          <reporter-output>
          </reporter-output>
        </test-method> <!-- tearDown -->
      </class> <!-- com.demoshop.test.SubscriptionTest -->
    </test> <!-- Subscription Test -->
    <test started-at="2024-10-15T22:25:42 IST" name="E2E Test" finished-at="2024-10-15T22:26:29 IST" duration-ms="46911">
      <class name="com.demoshop.test.E2ECheckoutTest">
        <test-method is-config="true" signature="initDriver(java.lang.String)[pri:0, instance:com.demoshop.test.E2ECheckoutTest@68c9d179]" started-at="2024-10-15T22:25:42 IST" name="initDriver" finished-at="2024-10-15T22:25:52 IST" duration-ms="10109" status="PASS">
          <params>
            <param index="0">
              <value is-null="true"/>
            </param>
          </params>
          <reporter-output>
          </reporter-output>
        </test-method> <!-- initDriver -->
        <test-method signature="verifyNewUserRegistersAndCheckoutProduct()[pri:0, instance:com.demoshop.test.E2ECheckoutTest@68c9d179]" started-at="2024-10-15T22:25:52 IST" name="verifyNewUserRegistersAndCheckoutProduct" finished-at="2024-10-15T22:26:29 IST" duration-ms="36429" status="PASS">
          <reporter-output>
          </reporter-output>
        </test-method> <!-- verifyNewUserRegistersAndCheckoutProduct -->
        <test-method is-config="true" signature="tearDown()[pri:0, instance:com.demoshop.test.E2ECheckoutTest@68c9d179]" started-at="2024-10-15T22:26:29 IST" name="tearDown" finished-at="2024-10-15T22:26:29 IST" duration-ms="365" status="PASS">
          <reporter-output>
          </reporter-output>
        </test-method> <!-- tearDown -->
      </class> <!-- com.demoshop.test.E2ECheckoutTest -->
    </test> <!-- E2E Test -->
  </suite> <!-- Suite -->
</testng-results>
